 -------------------------------------- 
 |       PGS 4 - release 120611       | 
 -------------------------------------- 
 Now at event number          10  of         780   (Triggered on:          10 )
 Now at event number          20  of         780   (Triggered on:          20 )
 Now at event number          30  of         780   (Triggered on:          30 )
 Now at event number          40  of         780   (Triggered on:          40 )
 Now at event number          50  of         780   (Triggered on:          50 )
 Now at event number          60  of         780   (Triggered on:          60 )
 Now at event number          70  of         780   (Triggered on:          70 )
 Now at event number          80  of         780   (Triggered on:          80 )
 Now at event number          90  of         780   (Triggered on:          90 )
 now working on event         100
 Now at event number         100  of         780   (Triggered on:         100 )
 now working on event         200
 Now at event number         200  of         780   (Triggered on:         200 )
 now working on event         300
 Now at event number         300  of         780   (Triggered on:         300 )
 now working on event         400
 Now at event number         400  of         780   (Triggered on:         400 )
 now working on event         500
 Now at event number         500  of         780   (Triggered on:         500 )
 now working on event         600
 Now at event number         600  of         780   (Triggered on:         600 )
 now working on event         700
 Now at event number         700  of         780   (Triggered on:         700 )
 I will merge non-isolated muons with jets...
 Thank you for using the olympics output cleaner.
